ERROR 2024-02-26 16:04:50,567 views 3672 15752 Error in Creating the Student
INFO 2024-02-26 16:05:03,949 views 3672 15752 Student Created SuccesFylly
INFO 2024-02-26 16:10:59,303 views 21024 13940 Student Data Featched SuccesFylly
ERROR 2024-02-26 16:11:54,341 views 19636 11404 Failed to retrieve data
ERROR 2024-02-26 16:12:01,253 views 19636 11404 Failed to retrieve data
INFO 2024-02-26 16:12:55,915 views 18380 7808 Student Featched Successfully
INFO 2024-02-26 16:13:34,571 views 18380 7808 Data Updated!!
INFO 2024-02-26 16:33:34,023 views 7212 21316 Student Created SuccesFylly
INFO 2024-02-26 16:35:40,766 views 7212 21316 Data Updated!!
INFO 2024-02-26 16:54:40,923 views 14012 21084 Data Updated!!
INFO 2024-02-26 16:55:44,732 views 20164 8112 Data Updated!!
INFO 2024-02-26 16:58:01,425 views 20164 8112 Data Updated!!
INFO 2024-02-26 16:58:54,714 views 15292 18624 Data Updated!!
INFO 2024-02-26 17:01:02,532 views 5156 6544 Data Updated!!
INFO 2024-02-26 17:02:37,905 views 21484 19632 Data Updated!!
INFO 2024-02-26 17:04:26,346 views 2316 9440 Data Updated!!
INFO 2024-02-26 17:07:02,421 views 20384 16496 Data Updated!!
ERROR 2024-02-27 11:47:47,777 views 4164 21024 Error in Creating the Student
INFO 2024-02-27 11:49:44,787 views 4164 21024 Student Created SuccesFylly
ERROR 2024-02-27 11:49:44,789 views 4164 21024 Error in Creating the Student
INFO 2024-02-27 11:49:54,403 views 4164 21024 Student Created SuccesFylly
ERROR 2024-02-27 11:49:54,404 views 4164 21024 Error in Creating the Student
INFO 2024-02-27 11:50:02,637 views 4164 21024 Student Created SuccesFylly
ERROR 2024-02-27 11:50:02,639 views 4164 21024 Error in Creating the Student
INFO 2024-02-27 15:21:18,508 views 17604 11484 Student Created SuccesFylly
ERROR 2024-02-27 15:51:39,267 views 4440 19680 Error in Creating the Student
ERROR 2024-02-27 15:51:53,623 views 4440 19680 Error in Creating the Student
ERROR 2024-02-27 15:53:32,846 views 4440 19680 Error in Creating the Student
ERROR 2024-02-27 15:53:42,722 views 4440 19680 Error in Creating the Student
ERROR 2024-02-27 15:54:45,963 views 15828 1964 Error in Creating the Student
ERROR 2024-02-27 15:56:05,585 views 18992 4692 Error in Creating the Student
ERROR 2024-02-27 15:56:27,332 views 18992 4692 Error in Creating the Student
ERROR 2024-02-27 15:56:55,679 views 18992 4692 Error in Creating the Student
ERROR 2024-02-27 15:57:57,357 views 18992 4692 Error in Creating the Student
ERROR 2024-02-27 16:04:34,454 views 20032 1636 Error in Creating the Student
ERROR 2024-02-27 16:05:09,272 views 16184 6240 Error in Creating the Student
ERROR 2024-02-27 16:06:01,787 views 10076 14996 Error in Creating the Student
ERROR 2024-02-27 16:07:52,504 views 12264 12704 Error in Creating the Student
ERROR 2024-02-27 16:09:00,387 views 21428 10972 Error in Creating the Student
